{"C:\\GitRepository\\ReactNative\\weathermanRnAssignment\\src\\components\\Button.js": {"path":"C:\\GitRepository\\ReactNative\\weathermanRnAssignment\\src\\components\\Button.js","statementMap":{"0":{"start":{"line":1,"column":42},"end":{"line":1,"column":97}},"1":{"start":{"line":1,"column":98},"end":{"line":1,"column":160}},"2":{"start":{"line":1,"column":160},"end":{"line":1,"column":185}},"3":{"start":{"line":1,"column":198},"end":{"line":1,"column":238}},"4":{"start":{"line":2,"column":19},"end":{"line":2,"column":42}},"5":{"start":{"line":2,"column":55},"end":{"line":2,"column":59}},"6":{"start":{"line":2,"column":75},"end":{"line":2,"column":159}},"7":{"start":{"line":4,"column":13},"end":{"line":14,"column":1}},"8":{"start":{"line":5,"column":16},"end":{"line":5,"column":34}},"9":{"start":{"line":5,"column":47},"end":{"line":5,"column":63}},"10":{"start":{"line":6,"column":12},"end":{"line":6,"column":25}},"11":{"start":{"line":6,"column":34},"end":{"line":6,"column":45}},"12":{"start":{"line":7,"column":2},"end":{"line":10,"column":13}},"13":{"start":{"line":16,"column":13},"end":{"line":32,"column":23}},"14":{"start":{"line":36,"column":0},"end":{"line":36,"column":6}},"15":{"start":{"line":36,"column":7},"end":{"line":36,"column":34}}},"fnMap":{"0":{"name":"Button","decl":{"start":{"line":4,"column":22},"end":{"line":4,"column":28}},"loc":{"start":{"line":4,"column":36},"end":{"line":14,"column":1}},"line":4}},"branchMap":{},"s":{"0":1,"1":1,"2":1,"3":1,"4":1,"5":1,"6":1,"7":1,"8":1,"9":1,"10":1,"11":1,"12":1,"13":1,"14":1,"15":1},"f":{"0":1},"b":{},"inputSourceMap":null,"_coverageSchema":"1a1c01bbd47fc00a2c39e90264f33305004495a9","hash":"512483c6d6bc2856e66216b9d178635de813f8e6"}
,"C:\\GitRepository\\ReactNative\\weathermanRnAssignment\\src\\components\\activityIndicatorComponent.js": {"path":"C:\\GitRepository\\ReactNative\\weathermanRnAssignment\\src\\components\\activityIndicatorComponent.js","statementMap":{"0":{"start":{"line":1,"column":42},"end":{"line":1,"column":97}},"1":{"start":{"line":1,"column":128},"end":{"line":1,"column":184}},"2":{"start":{"line":1,"column":185},"end":{"line":1,"column":247}},"3":{"start":{"line":1,"column":247},"end":{"line":1,"column":272}},"4":{"start":{"line":1,"column":295},"end":{"line":1,"column":367}},"5":{"start":{"line":1,"column":388},"end":{"line":1,"column":457}},"6":{"start":{"line":1,"column":475},"end":{"line":1,"column":541}},"7":{"start":{"line":1,"column":576},"end":{"line":1,"column":659}},"8":{"start":{"line":1,"column":683},"end":{"line":1,"column":755}},"9":{"start":{"line":2,"column":13},"end":{"line":2,"column":54}},"10":{"start":{"line":3,"column":19},"end":{"line":3,"column":42}},"11":{"start":{"line":3,"column":62},"end":{"line":3,"column":166}},"12":{"start":{"line":3,"column":231},"end":{"line":3,"column":258}},"13":{"start":{"line":3,"column":259},"end":{"line":3,"column":620}},"14":{"start":{"line":3,"column":311},"end":{"line":3,"column":349}},"15":{"start":{"line":3,"column":357},"end":{"line":3,"column":556}},"16":{"start":{"line":3,"column":405},"end":{"line":3,"column":452}},"17":{"start":{"line":3,"column":453},"end":{"line":3,"column":509}},"18":{"start":{"line":3,"column":517},"end":{"line":3,"column":555}},"19":{"start":{"line":3,"column":556},"end":{"line":3,"column":618}},"20":{"start":{"line":3,"column":659},"end":{"line":3,"column":730}},"21":{"start":{"line":3,"column":717},"end":{"line":3,"column":730}},"22":{"start":{"line":3,"column":730},"end":{"line":3,"column":771}},"23":{"start":{"line":3,"column":758},"end":{"line":3,"column":771}},"24":{"start":{"line":3,"column":771},"end":{"line":3,"column":816}},"25":{"start":{"line":3,"column":804},"end":{"line":3,"column":816}},"26":{"start":{"line":3,"column":816},"end":{"line":3,"column":934}},"27":{"start":{"line":3,"column":821},"end":{"line":3,"column":895}},"28":{"start":{"line":3,"column":895},"end":{"line":3,"column":907}},"29":{"start":{"line":3,"column":920},"end":{"line":3,"column":933}},"30":{"start":{"line":6,"column":29},"end":{"line":15,"column":63}},"31":{"start":{"line":6,"column":52},"end":{"line":6,"column":116}},"32":{"start":{"line":6,"column":129},"end":{"line":6,"column":169}},"33":{"start":{"line":6,"column":209},"end":{"line":6,"column":273}},"34":{"start":{"line":6,"column":273},"end":{"line":6,"column":310}},"35":{"start":{"line":6,"column":311},"end":{"line":15,"column":10}},"36":{"start":{"line":8,"column":6},"end":{"line":12,"column":149}},"37":{"start":{"line":15,"column":10},"end":{"line":15,"column":44}},"38":{"start":{"line":19,"column":13},"end":{"line":25,"column":20}},"39":{"start":{"line":31,"column":0},"end":{"line":31,"column":26}},"40":{"start":{"line":31,"column":27},"end":{"line":31,"column":54}}},"fnMap":{"0":{"name":"_createSuper","decl":{"start":{"line":3,"column":176},"end":{"line":3,"column":188}},"loc":{"start":{"line":3,"column":198},"end":{"line":3,"column":621}},"line":3},"1":{"name":"_createSuperInternal","decl":{"start":{"line":3,"column":275},"end":{"line":3,"column":295}},"loc":{"start":{"line":3,"column":298},"end":{"line":3,"column":619}},"line":3},"2":{"name":"_isNativeReflectConstruct","decl":{"start":{"line":3,"column":630},"end":{"line":3,"column":655}},"loc":{"start":{"line":3,"column":658},"end":{"line":3,"column":935}},"line":3},"3":{"name":"(anonymous_3)","decl":{"start":{"line":3,"column":878},"end":{"line":3,"column":879}},"loc":{"start":{"line":3,"column":890},"end":{"line":3,"column":892}},"line":3},"4":{"name":"(anonymous_4)","decl":{"start":{"line":6,"column":29},"end":{"line":6,"column":30}},"loc":{"start":{"line":6,"column":51},"end":{"line":15,"column":45}},"line":6},"5":{"name":"ActivityIndicatorComponent","decl":{"start":{"line":6,"column":179},"end":{"line":6,"column":205}},"loc":{"start":{"line":6,"column":208},"end":{"line":6,"column":311}},"line":6},"6":{"name":"render","decl":{"start":{"line":6,"column":400},"end":{"line":6,"column":406}},"loc":{"start":{"line":7,"column":4},"end":{"line":15,"column":5}},"line":7}},"branchMap":{"0":{"loc":{"start":{"line":3,"column":357},"end":{"line":3,"column":556}},"type":"if","locations":[{"start":{"line":3,"column":357},"end":{"line":3,"column":556}},{"start":{"line":3,"column":357},"end":{"line":3,"column":556}}],"line":3},"1":{"loc":{"start":{"line":3,"column":659},"end":{"line":3,"column":730}},"type":"if","locations":[{"start":{"line":3,"column":659},"end":{"line":3,"column":730}},{"start":{"line":3,"column":659},"end":{"line":3,"column":730}}],"line":3},"2":{"loc":{"start":{"line":3,"column":663},"end":{"line":3,"column":715}},"type":"binary-expr","locations":[{"start":{"line":3,"column":663},"end":{"line":3,"column":693}},{"start":{"line":3,"column":697},"end":{"line":3,"column":715}}],"line":3},"3":{"loc":{"start":{"line":3,"column":730},"end":{"line":3,"column":771}},"type":"if","locations":[{"start":{"line":3,"column":730},"end":{"line":3,"column":771}},{"start":{"line":3,"column":730},"end":{"line":3,"column":771}}],"line":3},"4":{"loc":{"start":{"line":3,"column":771},"end":{"line":3,"column":816}},"type":"if","locations":[{"start":{"line":3,"column":771},"end":{"line":3,"column":816}},{"start":{"line":3,"column":771},"end":{"line":3,"column":816}}],"line":3}},"s":{"0":1,"1":1,"2":1,"3":1,"4":1,"5":1,"6":1,"7":1,"8":1,"9":1,"10":1,"11":1,"12":1,"13":1,"14":2,"15":2,"16":2,"17":2,"18":0,"19":2,"20":1,"21":0,"22":1,"23":0,"24":1,"25":1,"26":0,"27":0,"28":0,"29":0,"30":1,"31":1,"32":1,"33":2,"34":2,"35":1,"36":2,"37":1,"38":1,"39":1,"40":1},"f":{"0":1,"1":2,"2":1,"3":0,"4":1,"5":2,"6":2},"b":{"0":[2,0],"1":[0,1],"2":[1,1],"3":[0,1],"4":[1,0]},"inputSourceMap":null,"_coverageSchema":"1a1c01bbd47fc00a2c39e90264f33305004495a9","hash":"54b299d019d344ddf9641c3b3d6af68b6282c3ab"}
,"C:\\GitRepository\\ReactNative\\weathermanRnAssignment\\src\\components\\emptyList.js": {"path":"C:\\GitRepository\\ReactNative\\weathermanRnAssignment\\src\\components\\emptyList.js","statementMap":{"0":{"start":{"line":1,"column":42},"end":{"line":1,"column":97}},"1":{"start":{"line":1,"column":98},"end":{"line":1,"column":160}},"2":{"start":{"line":1,"column":160},"end":{"line":1,"column":185}},"3":{"start":{"line":1,"column":198},"end":{"line":1,"column":238}},"4":{"start":{"line":2,"column":19},"end":{"line":2,"column":42}},"5":{"start":{"line":2,"column":55},"end":{"line":2,"column":59}},"6":{"start":{"line":2,"column":75},"end":{"line":2,"column":162}},"7":{"start":{"line":8,"column":16},"end":{"line":14,"column":1}},"8":{"start":{"line":9,"column":2},"end":{"line":11,"column":215}},"9":{"start":{"line":16,"column":13},"end":{"line":27,"column":28}},"10":{"start":{"line":33,"column":0},"end":{"line":33,"column":9}},"11":{"start":{"line":33,"column":10},"end":{"line":33,"column":37}}},"fnMap":{"0":{"name":"EmptyList","decl":{"start":{"line":8,"column":25},"end":{"line":8,"column":34}},"loc":{"start":{"line":8,"column":37},"end":{"line":14,"column":1}},"line":8}},"branchMap":{},"s":{"0":1,"1":1,"2":1,"3":1,"4":1,"5":1,"6":1,"7":1,"8":2,"9":1,"10":1,"11":1},"f":{"0":2},"b":{},"inputSourceMap":null,"_coverageSchema":"1a1c01bbd47fc00a2c39e90264f33305004495a9","hash":"8241a7fabb856389f9a454224f666a8e9cfd245d"}
,"C:\\GitRepository\\ReactNative\\weathermanRnAssignment\\src\\components\\listSeperator.js": {"path":"C:\\GitRepository\\ReactNative\\weathermanRnAssignment\\src\\components\\listSeperator.js","statementMap":{"0":{"start":{"line":1,"column":42},"end":{"line":1,"column":97}},"1":{"start":{"line":1,"column":98},"end":{"line":1,"column":160}},"2":{"start":{"line":1,"column":160},"end":{"line":1,"column":185}},"3":{"start":{"line":2,"column":13},"end":{"line":2,"column":53}},"4":{"start":{"line":3,"column":19},"end":{"line":3,"column":42}},"5":{"start":{"line":3,"column":55},"end":{"line":3,"column":59}},"6":{"start":{"line":3,"column":75},"end":{"line":3,"column":166}},"7":{"start":{"line":6,"column":20},"end":{"line":13,"column":1}},"8":{"start":{"line":7,"column":2},"end":{"line":9,"column":134}},"9":{"start":{"line":16,"column":13},"end":{"line":21,"column":35}},"10":{"start":{"line":26,"column":0},"end":{"line":26,"column":13}},"11":{"start":{"line":26,"column":14},"end":{"line":26,"column":41}}},"fnMap":{"0":{"name":"ListSeperator","decl":{"start":{"line":6,"column":29},"end":{"line":6,"column":42}},"loc":{"start":{"line":6,"column":45},"end":{"line":13,"column":1}},"line":6}},"branchMap":{},"s":{"0":1,"1":1,"2":1,"3":1,"4":1,"5":1,"6":1,"7":1,"8":1,"9":1,"10":1,"11":1},"f":{"0":1},"b":{},"inputSourceMap":null,"_coverageSchema":"1a1c01bbd47fc00a2c39e90264f33305004495a9","hash":"28b09531bb4b17ab58ba110cac728fbe54b8e7d4"}
,"C:\\GitRepository\\ReactNative\\weathermanRnAssignment\\src\\components\\searchBar.js": {"path":"C:\\GitRepository\\ReactNative\\weathermanRnAssignment\\src\\components\\searchBar.js","statementMap":{"0":{"start":{"line":1,"column":42},"end":{"line":1,"column":97}},"1":{"start":{"line":1,"column":128},"end":{"line":1,"column":184}},"2":{"start":{"line":1,"column":185},"end":{"line":1,"column":247}},"3":{"start":{"line":1,"column":247},"end":{"line":1,"column":272}},"4":{"start":{"line":1,"column":295},"end":{"line":1,"column":367}},"5":{"start":{"line":1,"column":388},"end":{"line":1,"column":457}},"6":{"start":{"line":1,"column":475},"end":{"line":1,"column":541}},"7":{"start":{"line":1,"column":576},"end":{"line":1,"column":659}},"8":{"start":{"line":1,"column":683},"end":{"line":1,"column":755}},"9":{"start":{"line":1,"column":769},"end":{"line":1,"column":810}},"10":{"start":{"line":2,"column":19},"end":{"line":2,"column":42}},"11":{"start":{"line":9,"column":13},"end":{"line":9,"column":38}},"12":{"start":{"line":9,"column":58},"end":{"line":9,"column":145}},"13":{"start":{"line":9,"column":210},"end":{"line":9,"column":237}},"14":{"start":{"line":9,"column":238},"end":{"line":9,"column":599}},"15":{"start":{"line":9,"column":290},"end":{"line":9,"column":328}},"16":{"start":{"line":9,"column":336},"end":{"line":9,"column":535}},"17":{"start":{"line":9,"column":384},"end":{"line":9,"column":431}},"18":{"start":{"line":9,"column":432},"end":{"line":9,"column":488}},"19":{"start":{"line":9,"column":496},"end":{"line":9,"column":534}},"20":{"start":{"line":9,"column":535},"end":{"line":9,"column":597}},"21":{"start":{"line":9,"column":638},"end":{"line":9,"column":709}},"22":{"start":{"line":9,"column":696},"end":{"line":9,"column":709}},"23":{"start":{"line":9,"column":709},"end":{"line":9,"column":750}},"24":{"start":{"line":9,"column":737},"end":{"line":9,"column":750}},"25":{"start":{"line":9,"column":750},"end":{"line":9,"column":795}},"26":{"start":{"line":9,"column":783},"end":{"line":9,"column":795}},"27":{"start":{"line":9,"column":795},"end":{"line":9,"column":913}},"28":{"start":{"line":9,"column":800},"end":{"line":9,"column":874}},"29":{"start":{"line":9,"column":874},"end":{"line":9,"column":886}},"30":{"start":{"line":9,"column":899},"end":{"line":9,"column":912}},"31":{"start":{"line":11,"column":12},"end":{"line":58,"column":46}},"32":{"start":{"line":11,"column":35},"end":{"line":11,"column":82}},"33":{"start":{"line":11,"column":95},"end":{"line":11,"column":118}},"34":{"start":{"line":12,"column":39},"end":{"line":12,"column":86}},"35":{"start":{"line":13,"column":4},"end":{"line":13,"column":37}},"36":{"start":{"line":13,"column":37},"end":{"line":28,"column":6}},"37":{"start":{"line":25,"column":6},"end":{"line":26,"column":28}},"38":{"start":{"line":28,"column":6},"end":{"line":28,"column":36}},"39":{"start":{"line":28,"column":36},"end":{"line":28,"column":49}},"40":{"start":{"line":28,"column":50},"end":{"line":58,"column":10}},"41":{"start":{"line":28,"column":160},"end":{"line":28,"column":192}},"42":{"start":{"line":28,"column":192},"end":{"line":28,"column":240}},"43":{"start":{"line":37,"column":18},"end":{"line":37,"column":22}},"44":{"start":{"line":38,"column":6},"end":{"line":53,"column":229}},"45":{"start":{"line":48,"column":56},"end":{"line":48,"column":90}},"46":{"start":{"line":58,"column":10},"end":{"line":58,"column":27}},"47":{"start":{"line":58,"column":47},"end":{"line":58,"column":75}},"48":{"start":{"line":61,"column":13},"end":{"line":71,"column":33}}},"fnMap":{"0":{"name":"_createSuper","decl":{"start":{"line":9,"column":155},"end":{"line":9,"column":167}},"loc":{"start":{"line":9,"column":177},"end":{"line":9,"column":600}},"line":9},"1":{"name":"_createSuperInternal","decl":{"start":{"line":9,"column":254},"end":{"line":9,"column":274}},"loc":{"start":{"line":9,"column":277},"end":{"line":9,"column":598}},"line":9},"2":{"name":"_isNativeReflectConstruct","decl":{"start":{"line":9,"column":609},"end":{"line":9,"column":634}},"loc":{"start":{"line":9,"column":637},"end":{"line":9,"column":914}},"line":9},"3":{"name":"(anonymous_3)","decl":{"start":{"line":9,"column":857},"end":{"line":9,"column":858}},"loc":{"start":{"line":9,"column":869},"end":{"line":9,"column":871}},"line":9},"4":{"name":"(anonymous_4)","decl":{"start":{"line":11,"column":12},"end":{"line":11,"column":13}},"loc":{"start":{"line":11,"column":34},"end":{"line":58,"column":28}},"line":11},"5":{"name":"SearchBar","decl":{"start":{"line":12,"column":11},"end":{"line":12,"column":20}},"loc":{"start":{"line":12,"column":28},"end":{"line":28,"column":50}},"line":12},"6":{"name":"(anonymous_6)","decl":{"start":{"line":24,"column":17},"end":{"line":24,"column":18}},"loc":{"start":{"line":24,"column":36},"end":{"line":28,"column":5}},"line":24},"7":{"name":"handleSearchCallback","decl":{"start":{"line":28,"column":136},"end":{"line":28,"column":156}},"loc":{"start":{"line":28,"column":159},"end":{"line":28,"column":241}},"line":28},"8":{"name":"render","decl":{"start":{"line":28,"column":278},"end":{"line":28,"column":284}},"loc":{"start":{"line":37,"column":4},"end":{"line":58,"column":5}},"line":37},"9":{"name":"onChangeText","decl":{"start":{"line":48,"column":33},"end":{"line":48,"column":45}},"loc":{"start":{"line":48,"column":55},"end":{"line":48,"column":91}},"line":48}},"branchMap":{"0":{"loc":{"start":{"line":9,"column":336},"end":{"line":9,"column":535}},"type":"if","locations":[{"start":{"line":9,"column":336},"end":{"line":9,"column":535}},{"start":{"line":9,"column":336},"end":{"line":9,"column":535}}],"line":9},"1":{"loc":{"start":{"line":9,"column":638},"end":{"line":9,"column":709}},"type":"if","locations":[{"start":{"line":9,"column":638},"end":{"line":9,"column":709}},{"start":{"line":9,"column":638},"end":{"line":9,"column":709}}],"line":9},"2":{"loc":{"start":{"line":9,"column":642},"end":{"line":9,"column":694}},"type":"binary-expr","locations":[{"start":{"line":9,"column":642},"end":{"line":9,"column":672}},{"start":{"line":9,"column":676},"end":{"line":9,"column":694}}],"line":9},"3":{"loc":{"start":{"line":9,"column":709},"end":{"line":9,"column":750}},"type":"if","locations":[{"start":{"line":9,"column":709},"end":{"line":9,"column":750}},{"start":{"line":9,"column":709},"end":{"line":9,"column":750}}],"line":9},"4":{"loc":{"start":{"line":9,"column":750},"end":{"line":9,"column":795}},"type":"if","locations":[{"start":{"line":9,"column":750},"end":{"line":9,"column":795}},{"start":{"line":9,"column":750},"end":{"line":9,"column":795}}],"line":9}},"s":{"0":1,"1":1,"2":1,"3":1,"4":1,"5":1,"6":1,"7":1,"8":1,"9":1,"10":1,"11":1,"12":1,"13":1,"14":1,"15":4,"16":4,"17":4,"18":4,"19":0,"20":4,"21":1,"22":0,"23":1,"24":0,"25":1,"26":1,"27":0,"28":0,"29":0,"30":0,"31":1,"32":1,"33":1,"34":4,"35":4,"36":4,"37":1,"38":4,"39":4,"40":1,"41":0,"42":0,"43":5,"44":5,"45":0,"46":1,"47":1,"48":1},"f":{"0":1,"1":4,"2":1,"3":0,"4":1,"5":4,"6":1,"7":0,"8":5,"9":0},"b":{"0":[4,0],"1":[0,1],"2":[1,1],"3":[0,1],"4":[1,0]},"inputSourceMap":null,"_coverageSchema":"1a1c01bbd47fc00a2c39e90264f33305004495a9","hash":"0201d84adfb1a13ae1e600f5fd52fcfac472dafa"}
,"C:\\GitRepository\\ReactNative\\weathermanRnAssignment\\src\\components\\weatherListItem.js": {"path":"C:\\GitRepository\\ReactNative\\weathermanRnAssignment\\src\\components\\weatherListItem.js","statementMap":{"0":{"start":{"line":1,"column":42},"end":{"line":1,"column":97}},"1":{"start":{"line":1,"column":98},"end":{"line":1,"column":160}},"2":{"start":{"line":1,"column":160},"end":{"line":1,"column":185}},"3":{"start":{"line":2,"column":13},"end":{"line":2,"column":53}},"4":{"start":{"line":3,"column":19},"end":{"line":3,"column":42}},"5":{"start":{"line":4,"column":13},"end":{"line":4,"column":38}},"6":{"start":{"line":4,"column":51},"end":{"line":4,"column":55}},"7":{"start":{"line":4,"column":71},"end":{"line":4,"column":164}},"8":{"start":{"line":7,"column":22},"end":{"line":20,"column":1}},"9":{"start":{"line":8,"column":2},"end":{"line":15,"column":19}},"10":{"start":{"line":23,"column":13},"end":{"line":35,"column":31}},"11":{"start":{"line":40,"column":0},"end":{"line":40,"column":15}},"12":{"start":{"line":40,"column":16},"end":{"line":40,"column":43}}},"fnMap":{"0":{"name":"WeatherListItem","decl":{"start":{"line":7,"column":31},"end":{"line":7,"column":46}},"loc":{"start":{"line":7,"column":54},"end":{"line":20,"column":1}},"line":7}},"branchMap":{},"s":{"0":1,"1":1,"2":1,"3":1,"4":1,"5":1,"6":1,"7":1,"8":1,"9":2,"10":1,"11":1,"12":1},"f":{"0":2},"b":{},"inputSourceMap":null,"_coverageSchema":"1a1c01bbd47fc00a2c39e90264f33305004495a9","hash":"f43a8e80d73ea53b55bf4cf9c7f456072ab28fd2"}
,"C:\\GitRepository\\ReactNative\\weathermanRnAssignment\\src\\utils\\fonts.js": {"path":"C:\\GitRepository\\ReactNative\\weathermanRnAssignment\\src\\utils\\fonts.js","statementMap":{"0":{"start":{"line":1,"column":13},"end":{"line":1,"column":75}},"1":{"start":{"line":1,"column":75},"end":{"line":1,"column":101}},"2":{"start":{"line":1,"column":116},"end":{"line":5,"column":41}},"3":{"start":{"line":5,"column":42},"end":{"line":5,"column":70}}},"fnMap":{},"branchMap":{},"s":{"0":2,"1":2,"2":2,"3":2},"f":{},"b":{},"inputSourceMap":null,"_coverageSchema":"1a1c01bbd47fc00a2c39e90264f33305004495a9","hash":"92306a58deb39d245b51146dfabd9f4456b45c05"}
}
