{"C:\\GitRepository\\ReactNative\\weathermanRnAssignment\\src\\components\\searchBar.js": {"path":"C:\\GitRepository\\ReactNative\\weathermanRnAssignment\\src\\components\\searchBar.js","statementMap":{"0":{"start":{"line":1,"column":42},"end":{"line":1,"column":97}},"1":{"start":{"line":1,"column":128},"end":{"line":1,"column":184}},"2":{"start":{"line":1,"column":185},"end":{"line":1,"column":247}},"3":{"start":{"line":1,"column":247},"end":{"line":1,"column":272}},"4":{"start":{"line":1,"column":295},"end":{"line":1,"column":367}},"5":{"start":{"line":1,"column":388},"end":{"line":1,"column":457}},"6":{"start":{"line":1,"column":475},"end":{"line":1,"column":541}},"7":{"start":{"line":1,"column":576},"end":{"line":1,"column":659}},"8":{"start":{"line":1,"column":683},"end":{"line":1,"column":755}},"9":{"start":{"line":1,"column":769},"end":{"line":1,"column":810}},"10":{"start":{"line":2,"column":19},"end":{"line":2,"column":42}},"11":{"start":{"line":9,"column":13},"end":{"line":9,"column":38}},"12":{"start":{"line":9,"column":58},"end":{"line":9,"column":145}},"13":{"start":{"line":9,"column":210},"end":{"line":9,"column":237}},"14":{"start":{"line":9,"column":238},"end":{"line":9,"column":599}},"15":{"start":{"line":9,"column":290},"end":{"line":9,"column":328}},"16":{"start":{"line":9,"column":336},"end":{"line":9,"column":535}},"17":{"start":{"line":9,"column":384},"end":{"line":9,"column":431}},"18":{"start":{"line":9,"column":432},"end":{"line":9,"column":488}},"19":{"start":{"line":9,"column":496},"end":{"line":9,"column":534}},"20":{"start":{"line":9,"column":535},"end":{"line":9,"column":597}},"21":{"start":{"line":9,"column":638},"end":{"line":9,"column":709}},"22":{"start":{"line":9,"column":696},"end":{"line":9,"column":709}},"23":{"start":{"line":9,"column":709},"end":{"line":9,"column":750}},"24":{"start":{"line":9,"column":737},"end":{"line":9,"column":750}},"25":{"start":{"line":9,"column":750},"end":{"line":9,"column":795}},"26":{"start":{"line":9,"column":783},"end":{"line":9,"column":795}},"27":{"start":{"line":9,"column":795},"end":{"line":9,"column":913}},"28":{"start":{"line":9,"column":800},"end":{"line":9,"column":874}},"29":{"start":{"line":9,"column":874},"end":{"line":9,"column":886}},"30":{"start":{"line":9,"column":899},"end":{"line":9,"column":912}},"31":{"start":{"line":11,"column":12},"end":{"line":59,"column":46}},"32":{"start":{"line":11,"column":35},"end":{"line":11,"column":82}},"33":{"start":{"line":11,"column":95},"end":{"line":11,"column":118}},"34":{"start":{"line":12,"column":39},"end":{"line":12,"column":86}},"35":{"start":{"line":13,"column":4},"end":{"line":13,"column":37}},"36":{"start":{"line":13,"column":37},"end":{"line":28,"column":6}},"37":{"start":{"line":25,"column":6},"end":{"line":26,"column":28}},"38":{"start":{"line":28,"column":6},"end":{"line":28,"column":36}},"39":{"start":{"line":28,"column":36},"end":{"line":28,"column":49}},"40":{"start":{"line":28,"column":50},"end":{"line":59,"column":10}},"41":{"start":{"line":28,"column":160},"end":{"line":28,"column":192}},"42":{"start":{"line":28,"column":192},"end":{"line":28,"column":240}},"43":{"start":{"line":37,"column":18},"end":{"line":37,"column":22}},"44":{"start":{"line":38,"column":6},"end":{"line":54,"column":253}},"45":{"start":{"line":49,"column":56},"end":{"line":49,"column":90}},"46":{"start":{"line":59,"column":10},"end":{"line":59,"column":27}},"47":{"start":{"line":59,"column":47},"end":{"line":59,"column":75}},"48":{"start":{"line":62,"column":13},"end":{"line":72,"column":33}}},"fnMap":{"0":{"name":"_createSuper","decl":{"start":{"line":9,"column":155},"end":{"line":9,"column":167}},"loc":{"start":{"line":9,"column":177},"end":{"line":9,"column":600}},"line":9},"1":{"name":"_createSuperInternal","decl":{"start":{"line":9,"column":254},"end":{"line":9,"column":274}},"loc":{"start":{"line":9,"column":277},"end":{"line":9,"column":598}},"line":9},"2":{"name":"_isNativeReflectConstruct","decl":{"start":{"line":9,"column":609},"end":{"line":9,"column":634}},"loc":{"start":{"line":9,"column":637},"end":{"line":9,"column":914}},"line":9},"3":{"name":"(anonymous_3)","decl":{"start":{"line":9,"column":857},"end":{"line":9,"column":858}},"loc":{"start":{"line":9,"column":869},"end":{"line":9,"column":871}},"line":9},"4":{"name":"(anonymous_4)","decl":{"start":{"line":11,"column":12},"end":{"line":11,"column":13}},"loc":{"start":{"line":11,"column":34},"end":{"line":59,"column":28}},"line":11},"5":{"name":"SearchBar","decl":{"start":{"line":12,"column":11},"end":{"line":12,"column":20}},"loc":{"start":{"line":12,"column":28},"end":{"line":28,"column":50}},"line":12},"6":{"name":"(anonymous_6)","decl":{"start":{"line":24,"column":17},"end":{"line":24,"column":18}},"loc":{"start":{"line":24,"column":36},"end":{"line":28,"column":5}},"line":24},"7":{"name":"handleSearchCallback","decl":{"start":{"line":28,"column":136},"end":{"line":28,"column":156}},"loc":{"start":{"line":28,"column":159},"end":{"line":28,"column":241}},"line":28},"8":{"name":"render","decl":{"start":{"line":28,"column":278},"end":{"line":28,"column":284}},"loc":{"start":{"line":37,"column":4},"end":{"line":59,"column":5}},"line":37},"9":{"name":"onChangeText","decl":{"start":{"line":49,"column":33},"end":{"line":49,"column":45}},"loc":{"start":{"line":49,"column":55},"end":{"line":49,"column":91}},"line":49}},"branchMap":{"0":{"loc":{"start":{"line":9,"column":336},"end":{"line":9,"column":535}},"type":"if","locations":[{"start":{"line":9,"column":336},"end":{"line":9,"column":535}},{"start":{"line":9,"column":336},"end":{"line":9,"column":535}}],"line":9},"1":{"loc":{"start":{"line":9,"column":638},"end":{"line":9,"column":709}},"type":"if","locations":[{"start":{"line":9,"column":638},"end":{"line":9,"column":709}},{"start":{"line":9,"column":638},"end":{"line":9,"column":709}}],"line":9},"2":{"loc":{"start":{"line":9,"column":642},"end":{"line":9,"column":694}},"type":"binary-expr","locations":[{"start":{"line":9,"column":642},"end":{"line":9,"column":672}},{"start":{"line":9,"column":676},"end":{"line":9,"column":694}}],"line":9},"3":{"loc":{"start":{"line":9,"column":709},"end":{"line":9,"column":750}},"type":"if","locations":[{"start":{"line":9,"column":709},"end":{"line":9,"column":750}},{"start":{"line":9,"column":709},"end":{"line":9,"column":750}}],"line":9},"4":{"loc":{"start":{"line":9,"column":750},"end":{"line":9,"column":795}},"type":"if","locations":[{"start":{"line":9,"column":750},"end":{"line":9,"column":795}},{"start":{"line":9,"column":750},"end":{"line":9,"column":795}}],"line":9}},"s":{"0":1,"1":1,"2":1,"3":1,"4":1,"5":1,"6":1,"7":1,"8":1,"9":1,"10":1,"11":1,"12":1,"13":1,"14":1,"15":6,"16":6,"17":6,"18":6,"19":0,"20":6,"21":1,"22":0,"23":1,"24":0,"25":1,"26":1,"27":0,"28":0,"29":0,"30":0,"31":1,"32":1,"33":1,"34":6,"35":6,"36":6,"37":1,"38":6,"39":6,"40":1,"41":0,"42":0,"43":7,"44":7,"45":0,"46":1,"47":1,"48":1},"f":{"0":1,"1":6,"2":1,"3":0,"4":1,"5":6,"6":1,"7":0,"8":7,"9":0},"b":{"0":[6,0],"1":[0,1],"2":[1,1],"3":[0,1],"4":[1,0]},"inputSourceMap":null,"_coverageSchema":"1a1c01bbd47fc00a2c39e90264f33305004495a9","hash":"1fe5a82e277092970e1f72fbef97615bb819f05a"}
,"C:\\GitRepository\\ReactNative\\weathermanRnAssignment\\src\\utils\\fonts.js": {"path":"C:\\GitRepository\\ReactNative\\weathermanRnAssignment\\src\\utils\\fonts.js","statementMap":{"0":{"start":{"line":1,"column":13},"end":{"line":1,"column":75}},"1":{"start":{"line":1,"column":75},"end":{"line":1,"column":101}},"2":{"start":{"line":1,"column":116},"end":{"line":5,"column":41}},"3":{"start":{"line":5,"column":42},"end":{"line":5,"column":70}}},"fnMap":{},"branchMap":{},"s":{"0":1,"1":1,"2":1,"3":1},"f":{},"b":{},"inputSourceMap":null,"_coverageSchema":"1a1c01bbd47fc00a2c39e90264f33305004495a9","hash":"92306a58deb39d245b51146dfabd9f4456b45c05"}
}
