TN:
SF:src\components\Button.js
FN:4,Button
FNF:1
FNH:1
FNDA:1,Button
DA:1,1
DA:2,1
DA:4,1
DA:5,1
DA:6,1
DA:7,1
DA:16,1
DA:36,1
LF:8
LH:8
BRF:0
BRH:0
end_of_record
TN:
SF:src\components\activityIndicatorComponent.js
FN:3,_createSuper
FN:3,_createSuperInternal
FN:3,_isNativeReflectConstruct
FN:3,(anonymous_3)
FN:6,(anonymous_4)
FN:6,ActivityIndicatorComponent
FN:6,render
FNF:7
FNH:6
FNDA:1,_createSuper
FNDA:2,_createSuperInternal
FNDA:1,_isNativeReflectConstruct
FNDA:0,(anonymous_3)
FNDA:1,(anonymous_4)
FNDA:2,ActivityIndicatorComponent
FNDA:2,render
DA:1,1
DA:2,1
DA:3,2
DA:6,2
DA:8,2
DA:15,1
DA:19,1
DA:31,1
LF:8
LH:8
BRDA:3,0,0,2
BRDA:3,0,1,0
BRDA:3,1,0,0
BRDA:3,1,1,1
BRDA:3,2,0,1
BRDA:3,2,1,1
BRDA:3,3,0,0
BRDA:3,3,1,1
BRDA:3,4,0,1
BRDA:3,4,1,0
BRF:10
BRH:6
end_of_record
TN:
SF:src\components\emptyList.js
FN:8,EmptyList
FNF:1
FNH:1
FNDA:2,EmptyList
DA:1,1
DA:2,1
DA:8,1
DA:9,2
DA:16,1
DA:33,1
LF:6
LH:6
BRF:0
BRH:0
end_of_record
TN:
SF:src\components\listSeperator.js
FN:6,ListSeperator
FNF:1
FNH:1
FNDA:1,ListSeperator
DA:1,1
DA:2,1
DA:3,1
DA:6,1
DA:7,1
DA:16,1
DA:26,1
LF:7
LH:7
BRF:0
BRH:0
end_of_record
TN:
SF:src\components\searchBar.js
FN:9,_createSuper
FN:9,_createSuperInternal
FN:9,_isNativeReflectConstruct
FN:9,(anonymous_3)
FN:11,(anonymous_4)
FN:12,SearchBar
FN:24,(anonymous_6)
FN:28,handleSearchCallback
FN:28,render
FN:48,onChangeText
FNF:10
FNH:7
FNDA:1,_createSuper
FNDA:2,_createSuperInternal
FNDA:1,_isNativeReflectConstruct
FNDA:0,(anonymous_3)
FNDA:1,(anonymous_4)
FNDA:2,SearchBar
FNDA:1,(anonymous_6)
FNDA:0,handleSearchCallback
FNDA:3,render
FNDA:0,onChangeText
DA:1,1
DA:2,1
DA:9,2
DA:11,1
DA:12,2
DA:13,2
DA:25,1
DA:28,2
DA:37,3
DA:38,3
DA:48,0
DA:58,1
DA:61,1
LF:13
LH:12
BRDA:9,0,0,2
BRDA:9,0,1,0
BRDA:9,1,0,0
BRDA:9,1,1,1
BRDA:9,2,0,1
BRDA:9,2,1,1
BRDA:9,3,0,0
BRDA:9,3,1,1
BRDA:9,4,0,1
BRDA:9,4,1,0
BRF:10
BRH:6
end_of_record
TN:
SF:src\components\toastComponent.js
FN:3,_createSuper
FN:3,_createSuperInternal
FN:3,_isNativeReflectConstruct
FN:3,(anonymous_3)
FN:18,(anonymous_4)
FN:19,ToastComponent
FN:21,render
FNF:7
FNH:6
FNDA:1,_createSuper
FNDA:1,_createSuperInternal
FNDA:1,_isNativeReflectConstruct
FNDA:0,(anonymous_3)
FNDA:1,(anonymous_4)
FNDA:1,ToastComponent
FNDA:1,render
DA:1,1
DA:2,1
DA:3,1
DA:18,1
DA:19,1
DA:21,1
DA:23,1
DA:32,1
DA:38,1
LF:9
LH:9
BRDA:3,0,0,1
BRDA:3,0,1,0
BRDA:3,1,0,0
BRDA:3,1,1,1
BRDA:3,2,0,1
BRDA:3,2,1,1
BRDA:3,3,0,0
BRDA:3,3,1,1
BRDA:3,4,0,1
BRDA:3,4,1,0
BRF:10
BRH:6
end_of_record
TN:
SF:src\components\weatherListItem.js
FN:7,WeatherListItem
FNF:1
FNH:1
FNDA:2,WeatherListItem
DA:1,1
DA:2,1
DA:3,1
DA:4,1
DA:7,1
DA:8,2
DA:23,1
DA:40,1
LF:8
LH:8
BRF:0
BRH:0
end_of_record
TN:
SF:src\utils\fonts.js
FNF:0
FNH:0
DA:1,2
DA:5,2
LF:2
LH:2
BRF:0
BRH:0
end_of_record
