TN:
SF:src\components\searchBar.js
FN:9,_createSuper
FN:9,_createSuperInternal
FN:9,_isNativeReflectConstruct
FN:9,(anonymous_3)
FN:11,(anonymous_4)
FN:12,SearchBar
FN:24,(anonymous_6)
FN:28,handleSearchCallback
FN:28,render
FN:49,onChangeText
FNF:10
FNH:7
FNDA:1,_createSuper
FNDA:6,_createSuperInternal
FNDA:1,_isNativeReflectConstruct
FNDA:0,(anonymous_3)
FNDA:1,(anonymous_4)
FNDA:6,SearchBar
FNDA:1,(anonymous_6)
FNDA:0,handleSearchCallback
FNDA:7,render
FNDA:0,onChangeText
DA:1,1
DA:2,1
DA:9,6
DA:11,1
DA:12,6
DA:13,6
DA:25,1
DA:28,6
DA:37,7
DA:38,7
DA:49,0
DA:59,1
DA:62,1
LF:13
LH:12
BRDA:9,0,0,6
BRDA:9,0,1,0
BRDA:9,1,0,0
BRDA:9,1,1,1
BRDA:9,2,0,1
BRDA:9,2,1,1
BRDA:9,3,0,0
BRDA:9,3,1,1
BRDA:9,4,0,1
BRDA:9,4,1,0
BRF:10
BRH:6
end_of_record
TN:
SF:src\utils\fonts.js
FNF:0
FNH:0
DA:1,1
DA:5,1
LF:2
LH:2
BRF:0
BRH:0
end_of_record
